[debug] [2021-01-07T02:11:45.398Z] ----------------------------------------------------------------------
[debug] [2021-01-07T02:11:45.401Z] Command:       C:\Program Files\nodejs\node.exe C:\Users\alexa\AppData\Roaming\npm\node_modules\firebase-tools\lib\bin\firebase.js init hosting
[debug] [2021-01-07T02:11:45.401Z] CLI Version:   9.1.1
[debug] [2021-01-07T02:11:45.402Z] Platform:      win32
[debug] [2021-01-07T02:11:45.402Z] Node Version:  v14.15.4
[debug] [2021-01-07T02:11:45.402Z] Time:          Wed Jan 06 2021 16:11:45 GMT-1000 (Hawaii-Aleutian Standard Time)
[debug] [2021-01-07T02:11:45.402Z] ----------------------------------------------------------------------
[debug] [2021-01-07T02:11:45.403Z] 
[debug] [2021-01-07T02:11:45.409Z] > command requires scopes: ["email","openid","https://www.googleapis.com/auth/cloudplatformprojects.readonly","https://www.googleapis.com/auth/firebase","https://www.googleapis.com/auth/cloud-platform"]
[debug] [2021-01-07T02:11:45.410Z] > authorizing via signed-in user
[info] 
     ######## #### ########  ######## ########     ###     ######  ########
     ##        ##  ##     ## ##       ##     ##  ##   ##  ##       ##
     ######    ##  ########  ######   ########  #########  ######  ######
     ##        ##  ##    ##  ##       ##     ## ##     ##       ## ##
     ##       #### ##     ## ######## ########  ##     ##  ######  ########

You're about to initialize a Firebase project in this directory:

  C:\Users\alexa\Documents\GitHub\scu-zoom-chat-app\zoomchat

Before we get started, keep in mind:

  * You are initializing in an existing Firebase project directory

[info] 
=== Project Setup
[info] 
[info] First, let's associate this project directory with a Firebase project.
[info] You can create multiple project aliases by running firebase use --add, 
[info] but for now we'll just set up a default project.
[info] 
[info] i  .firebaserc already has a default project, using scu-zoom-chat-app. 
[debug] [2021-01-07T02:11:46.961Z] >>> HTTP REQUEST GET https://firebase.googleapis.com/v1beta1/projects/scu-zoom-chat-app  
 
[debug] [2021-01-07T02:11:47.359Z] <<< HTTP RESPONSE 200 {"content-type":"application/json; charset=UTF-8","vary":"X-Origin, Referer, Origin,Accept-Encoding","date":"Thu, 07 Jan 2021 02:11:47 GMT","server":"ESF","cache-control":"private","x-xss-protection":"0","x-frame-options":"SAMEORIGIN","x-content-type-options":"nosniff","alt-svc":"h3-29=\":443\"; ma=2592000,h3-T051=\":443\"; ma=2592000,h3-Q050=\":443\"; ma=2592000,h3-Q046=\":443\"; ma=2592000,h3-Q043=\":443\"; ma=2592000,quic=\":443\"; ma=2592000; v=\"46,43\"","accept-ranges":"none","transfer-encoding":"chunked"}
[info] 
=== Hosting Setup
[info] 
[info] Your public directory is the folder (relative to your project directory) that
[info] will contain Hosting assets to be uploaded with firebase deploy. If you
[info] have a build process for your assets, use your build's output directory.
[info] 
[debug] [2021-01-07T02:12:04.047Z] >>> [apiv2][query] GET https://www.gstatic.com/firebasejs/releases.json [none]
[debug] [2021-01-07T02:12:04.294Z] <<< [apiv2][status] GET https://www.gstatic.com/firebasejs/releases.json 200
[debug] [2021-01-07T02:12:04.294Z] <<< [apiv2][body] GET https://www.gstatic.com/firebasejs/releases.json {"current":{"version":"8.2.1","browserURL":"https://www.gstatic.com/firebasejs/8.2.1/firebase.js","packageURL":"https://www.gstatic.com/firebasejs/8.2.1/firebase.tgz"},"live":{"version":"8.2","browserURL":"https://www.gstatic.com/firebasejs/live/8.2/firebase.js","packageURL":"https://www.gstatic.com/firebasejs/live/8.2/firebase.tgz"},"components":{"analytics":"https://www.gstatic.com/firebasejs/8.2.1/firebase-analytics.js","app":"https://www.gstatic.com/firebasejs/8.2.1/firebase-app.js","auth":"https://www.gstatic.com/firebasejs/8.2.1/firebase-auth.js","database":"https://www.gstatic.com/firebasejs/8.2.1/firebase-database.js","firestore":"https://www.gstatic.com/firebasejs/8.2.1/firebase-firestore.js","functions":"https://www.gstatic.com/firebasejs/8.2.1/firebase-functions.js","installations":"https://www.gstatic.com/firebasejs/8.2.1/firebase-installations.js","messaging":"https://www.gstatic.com/firebasejs/8.2.1/firebase-messaging.js","storage":"https://www.gstatic.com/firebasejs/8.2.1/firebase-storage.js","performance":"https://www.gstatic.com/firebasejs/8.2.1/firebase-performance.js","remote-config":"https://www.gstatic.com/firebasejs/8.2.1/firebase-remote-config.js","firestore.memory":"https://www.gstatic.com/firebasejs/8.2.1/firebase-firestore.memory.js"}}
[info] i  Skipping write of public/index.html 
[info] 
[info] i  Detected a .git folder at C:\Users\alexa\Documents\GitHub\scu-zoom-chat-app 
[info] i  Authorizing with GitHub to upload your service account to a GitHub repository's secrets store. 
[info] 
[info] Visit this URL on this device to log in:
[info] https://github.com/login/oauth/authorize?client_id=89cf50f02ac6aaed3484&state=58651394&redirect_uri=http%3A%2F%2Flocalhost%3A9005&scope=read%3Auser%20repo%20public_repo
[info] 
[info] Waiting for authentication...
[debug] [2021-01-07T02:12:28.103Z] >>> HTTP REQUEST POST https://github.com/login/oauth/access_token  
 {"client_id":"89cf50f02ac6aaed3484","client_secret":"3330d14abc895d9a74d5f17cd7a00711fa2c5bf0","code":"95e3fff79a1c446caf65","redirect_uri":"http://localhost:9005","state":"58651394"}
[debug] [2021-01-07T02:12:28.619Z] <<< HTTP RESPONSE 200 {"server":"GitHub.com","date":"Thu, 07 Jan 2021 02:12:28 GMT","content-type":"application/json; charset=utf-8","transfer-encoding":"chunked","status":"200 OK","vary":"X-PJAX, Accept-Encoding, Accept, X-Requested-With","etag":"W/\"913c5e3fc3d10fd13c17d955e4c050eb\"","cache-control":"max-age=0, private, must-revalidate","strict-transport-security":"max-age=31536000; includeSubdomains; preload","x-frame-options":"deny","x-content-type-options":"nosniff","x-xss-protection":"1; mode=block","referrer-policy":"origin-when-cross-origin, strict-origin-when-cross-origin","expect-ct":"max-age=2592000, report-uri=\"https://api.github.com/_private/browser/errors\"","content-security-policy":"default-src 'none'; base-uri 'self'; block-all-mixed-content; connect-src 'self' uploads.github.com www.githubstatus.com collector.githubapp.com api.github.com github-cloud.s3.amazonaws.com github-production-repository-file-5c1aeb.s3.amazonaws.com github-production-upload-manifest-file-7fdce7.s3.amazonaws.com github-production-user-asset-6210df.s3.amazonaws.com cdn.optimizely.com logx.optimizely.com/v1/events wss://alive.github.com; font-src github.githubassets.com; form-action 'self' github.com gist.github.com; frame-ancestors 'none'; frame-src render.githubusercontent.com; img-src 'self' data: github.githubassets.com identicons.github.com collector.githubapp.com github-cloud.s3.amazonaws.com *.githubusercontent.com; manifest-src 'self'; media-src 'none'; script-src github.githubassets.com; style-src 'unsafe-inline' github.githubassets.com; worker-src github.com/socket-worker-5029ae85.js gist.github.com/socket-worker-5029ae85.js","x-github-request-id":"DA41:1E91:4996BAB:783B501:5FF66E0C"}
[debug] [2021-01-07T02:12:28.620Z] >>> [apiv2][query] GET https://api.github.com/user [none]
[debug] [2021-01-07T02:12:29.190Z] <<< [apiv2][status] GET https://api.github.com/user 200
[debug] [2021-01-07T02:12:29.190Z] <<< [apiv2][body] GET https://api.github.com/user {"login":"Alkennedy1998","id":32351526,"node_id":"MDQ6VXNlcjMyMzUxNTI2","avatar_url":"https://avatars3.githubusercontent.com/u/32351526?v=4","gravatar_id":"","url":"https://api.github.com/users/Alkennedy1998","html_url":"https://github.com/Alkennedy1998","followers_url":"https://api.github.com/users/Alkennedy1998/followers","following_url":"https://api.github.com/users/Alkennedy1998/following{/other_user}","gists_url":"https://api.github.com/users/Alkennedy1998/gists{/gist_id}","starred_url":"https://api.github.com/users/Alkennedy1998/starred{/owner}{/repo}","subscriptions_url":"https://api.github.com/users/Alkennedy1998/subscriptions","organizations_url":"https://api.github.com/users/Alkennedy1998/orgs","repos_url":"https://api.github.com/users/Alkennedy1998/repos","events_url":"https://api.github.com/users/Alkennedy1998/events{/privacy}","received_events_url":"https://api.github.com/users/Alkennedy1998/received_events","type":"User","site_admin":false,"name":"Alexander Kennedy","company":null,"blog":"","location":null,"email":null,"hireable":null,"bio":null,"twitter_username":null,"public_repos":14,"public_gists":0,"followers":4,"following":2,"created_at":"2017-09-28T04:51:30Z","updated_at":"2021-01-07T02:12:27Z","private_gists":0,"total_private_repos":3,"owned_private_repos":3,"disk_usage":1541857,"collaborators":0,"two_factor_authentication":false,"plan":{"name":"pro","space":976562499,"collaborators":0,"private_repos":9999}}
[info] 
[info] +  Success! Logged into GitHub as Alkennedy1998 
[info] 
[debug] [2021-01-07T02:13:11.284Z] >>> [apiv2][query] GET https://api.github.com/repos/Alkennedy1998/scu-zoom-chat-app/actions/secrets/public-key type=owner
[debug] [2021-01-07T02:13:11.825Z] <<< [apiv2][status] GET https://api.github.com/repos/Alkennedy1998/scu-zoom-chat-app/actions/secrets/public-key 404
[debug] [2021-01-07T02:13:11.825Z] <<< [apiv2][body] GET https://api.github.com/repos/Alkennedy1998/scu-zoom-chat-app/actions/secrets/public-key {"message":"Not Found","documentation_url":"https://docs.github.com/rest/reference/actions#get-a-repository-public-key"}
